2026-01-20 10:40:16 help 
2026-01-20 10:40:24 say direct
2026-01-20 10:42:53 palette 
2026-01-20 10:44:30 palette 
2026-01-20 10:48:31 palette 
2026-01-20 10:48:54 palette 
2026-01-20 10:50:08 palette 
2026-01-20 10:52:27 palette 
2026-01-20 10:59:48 palette 
2026-01-20 11:00:37 palette 
2026-01-20 11:01:50 palette 
2026-01-20 11:03:07 search log
2026-01-20 11:03:08 search pro
2026-01-20 11:03:08 search weave
2026-01-20 11:03:08 search message
2026-01-20 11:03:48 palette 
2026-01-20 11:05:29 shell 
2026-01-20 11:05:38 palette palette
2026-01-20 11:05:41 search log
2026-01-20 11:05:45 say direct
2026-01-20 11:07:13 nav 
2026-01-20 11:07:35 version 
2026-01-20 11:12:55 inspect_profiles 
2026-01-20 11:12:55 page Profiles
2026-01-20 11:13:00 inspect_logs 
2026-01-20 11:13:00 page Logs
2026-01-20 11:13:05 inspect_metrics 
2026-01-20 11:13:05 page Metrics
2026-01-20 11:16:33 history 
2026-01-20 11:16:56 fuzzy pro
2026-01-20 11:16:57 fuzzy metrix
2026-01-20 11:16:57 fuzzy direc
2026-01-20 11:17:26 suggest p
2026-01-20 11:17:26 suggest in
2026-01-20 11:17:26 suggest s
2026-01-20 11:18:15 history 
2026-01-20 11:18:15 fuzzy log
2026-01-20 11:18:15 suggest in
2026-01-20 11:19:53 heartbeat 
2026-01-20 11:20:24 weave heartbeat
2026-01-20 11:21:35 weave heartbeat
2026-01-20 11:29:38 heartbeat 
2026-01-20 11:29:38 fuzzy log
2026-01-20 11:29:39 suggest in
2026-01-20 11:29:39 weave heartbeat
2026-01-20 11:29:39 inspect_presence 
2026-01-20 11:29:40 page Presence
2026-01-20 11:29:59 heartbeat 
2026-01-20 11:29:59 fuzzy log
2026-01-20 11:30:00 suggest in
2026-01-20 11:30:00 weave heartbeat
2026-01-20 11:30:00 inspect_presence 
2026-01-20 11:30:00 page Presence
2026-01-20 11:30:08 heartbeat 
2026-01-20 11:30:12 fuzzy log
2026-01-20 11:30:17 suggest in
2026-01-20 11:30:21 weave heartbeat
2026-01-20 11:30:25 inspect_presence 
2026-01-20 11:30:25 page Presence
2026-01-20 11:32:28 weave_map 
2026-01-20 11:32:32 inspect_weave_map 
2026-01-20 11:32:32 weave_map 
2026-01-20 11:32:32 page Weave Map
2026-01-20 11:32:43 inspect_weave_map 
2026-01-20 11:32:43 weave_map 
2026-01-20 11:32:43 page Weave Map
2026-01-20 11:34:26 inspect_weave_map 
2026-01-20 11:34:26 weave_map 
2026-01-20 11:34:26 page Weave Map
2026-01-20 11:36:37 living_map 
2026-01-20 11:36:42 inspect_living_map 
2026-01-20 11:36:42 living_map 
2026-01-20 11:36:42 page Living Map
2026-01-20 11:42:04 graph_update 
2026-01-20 11:42:09 activity_graph 
2026-01-20 11:42:12 inspect_activity_graph 
2026-01-20 11:42:12 activity_graph 
2026-01-20 11:42:12 page Activity Graph
2026-01-20 11:46:30 inspect_activity_graph 
2026-01-20 11:46:30 activity_graph 
2026-01-20 11:46:30 page Activity Graph
2026-01-20 11:46:36 palette 
2026-01-20 11:46:40 fuzzy log
2026-01-20 11:46:45 weave heartbeat
2026-01-20 11:46:48 inspect_activity_graph 
2026-01-20 11:46:48 activity_graph 
2026-01-20 11:46:48 page Activity Graph
2026-01-20 11:48:29 inspect_dynamic_map 
2026-01-20 11:48:29 dynamic_map 
2026-01-20 11:48:30 page Dynamic Weave Map
2026-01-20 11:48:37 fuzzy log
2026-01-20 11:48:40 weave heartbeat
2026-01-20 11:48:43 palette 
2026-01-20 11:48:50 inspect_dynamic_map 
2026-01-20 11:48:50 dynamic_map 
2026-01-20 11:48:50 page Dynamic Weave Map
2026-01-20 11:51:27 inspect_presence_loop 
2026-01-20 11:51:27 presence_loop 
2026-01-20 11:51:28 page Presence Loop
2026-01-20 11:51:33 fuzzy log
2026-01-20 11:51:34 weave heartbeat
2026-01-20 11:51:34 palette 
2026-01-20 11:51:34 inspect_presence_loop 
2026-01-20 11:51:34 presence_loop 
2026-01-20 11:51:34 page Presence Loop
2026-01-20 11:57:10 inspect_rhythm 
2026-01-20 11:57:10 rhythm 
2026-01-20 11:57:10 page Rhythm
2026-01-20 11:57:16 palette 
2026-01-20 11:57:16 fuzzy log
2026-01-20 11:57:17 weave heartbeat
2026-01-20 11:57:17 inspect_rhythm 
2026-01-20 11:57:17 rhythm 
2026-01-20 11:57:18 page Rhythm
2026-01-20 11:59:24 inspect_cycle 
2026-01-20 11:59:24 cycle 
2026-01-20 11:59:25 page Cycle
2026-01-20 11:59:29 palette 
2026-01-20 11:59:30 fuzzy log
2026-01-20 11:59:30 weave heartbeat
2026-01-20 11:59:31 inspect_cycle 
2026-01-20 11:59:31 cycle 
2026-01-20 11:59:31 page Cycle
2026-01-20 12:01:54 inspect_season 
2026-01-20 12:01:54 season 
2026-01-20 12:01:55 page Season
2026-01-20 12:02:00 palette 
2026-01-20 12:02:00 fuzzy log
2026-01-20 12:02:02 weave heartbe
2026-01-20 12:02:05 inspect_season 
2026-01-20 12:02:05 season 
2026-01-20 12:02:05 page Season
2026-01-20 12:03:54 inspect_era 
2026-01-20 12:03:55 era 
2026-01-20 12:03:55 page Era
2026-01-20 12:04:02 palette 
2026-01-20 12:04:02 fuzzy log
2026-01-20 12:04:03 weave heartbeat
2026-01-20 12:04:04 inspect_era 
2026-01-20 12:04:04 era 
2026-01-20 12:04:04 page Era
2026-01-20 12:04:14 inspect_era 
2026-01-20 12:04:14 era 
2026-01-20 12:04:14 page Era
2026-01-20 12:06:17 palette 
2026-01-20 12:06:17 fuzzy log
2026-01-20 12:06:18 weave heartbeat
2026-01-20 12:06:18 inspect_season 
2026-01-20 12:06:18 season 
2026-01-20 12:06:18 page Season
2026-01-20 12:06:29 palette 
2026-01-20 12:06:29 fuzzy log
2026-01-20 12:06:30 weave heartbeat
2026-01-20 12:06:30 inspect_season 
2026-01-20 12:06:30 season 
2026-01-20 12:06:30 page Season
2026-01-20 12:06:35 palette 
2026-01-20 12:06:35 fuzzy log
2026-01-20 12:06:37 weave heartbeat
2026-01-20 12:06:37 inspect_season 
2026-01-20 12:06:37 season 
2026-01-20 12:06:37 page Season
2026-01-20 12:06:48 inspect_era 
2026-01-20 12:06:48 era 
2026-01-20 12:06:48 page Era
2026-01-20 12:09:08 inspect_epoch 
2026-01-20 12:09:09 epoch 
2026-01-20 12:09:09 page Epoch
2026-01-20 12:09:16 palette 
2026-01-20 12:09:16 fuzzy log
2026-01-20 12:09:17 weave heartbeat
2026-01-20 12:09:18 inspect_epoch 
2026-01-20 12:09:18 epoch 
2026-01-20 12:09:18 page Epoch
2026-01-20 12:10:12 inspect_epoch 
2026-01-20 12:10:12 epoch 
2026-01-20 12:10:13 page Epoch
2026-01-20 12:18:01 all 
2026-01-20 12:18:04 inspect_all 
2026-01-20 12:18:05 all 
2026-01-20 12:18:05 page All Cycles
2026-01-20 12:19:37  
2026-01-20 12:20:15 meta 
2026-01-20 12:20:20 meta 
2026-01-20 12:22:43 meta 
2026-01-20 12:22:52 meta 
2026-01-20 12:24:09 meta 
2026-01-20 12:24:46 page Meta
2026-01-20 12:25:05 meta 
2026-01-20 12:25:05 page Meta
2026-01-20 12:26:09 meta 
2026-01-20 12:26:09 page Meta
2026-01-20 12:26:11 all 
2026-01-20 12:26:11 palette 
2026-01-20 12:26:57 palette 
2026-01-20 12:28:45 palette 
2026-01-20 12:29:53 meta 
2026-01-20 12:29:53 page Meta
2026-01-20 12:29:54 all 
2026-01-20 12:29:54 palette 
2026-01-20 12:30:00 meta 
2026-01-20 12:30:00 page Meta
2026-01-20 12:30:01 all 
2026-01-20 12:30:01 palette 
2026-01-20 12:30:39 meta 
2026-01-20 12:30:39 page Meta
2026-01-20 12:30:41 all 
2026-01-20 12:30:41 palette 
2026-01-20 12:31:54 all 
2026-01-20 12:33:51 all 
2026-01-20 12:33:51 page All Cycles
2026-01-20 12:34:59 presence_loop 
2026-01-20 12:34:59 all 
2026-01-20 12:34:59 page All Cycles
2026-01-20 12:35:06 presence_loop 
2026-01-20 12:35:06 all 
2026-01-20 12:35:06 page All Cycles
